<?xml version="1.0" encoding="UTF-8"?>
<testng-results ignored="0" total="1" passed="1" failed="0" skipped="0">
  <reporter-output>
  </reporter-output>
  <suite started-at="2025-01-27T11:21:16 IST" name="JenkinsTes" finished-at="2025-01-27T11:21:22 IST" duration-ms="6248">
    <groups>
    </groups>
    <test started-at="2025-01-27T11:21:16 IST" name="JEnkins MAven Integration" finished-at="2025-01-27T11:21:22 IST" duration-ms="6248">
      <class name="JenkinsTest.WithSelenium.Day1">
        <test-method signature="testit()[pri:0, instance:JenkinsTest.WithSelenium.Day1@20deea7f]" started-at="2025-01-27T11:21:16 IST" name="testit" finished-at="2025-01-27T11:21:22 IST" duration-ms="6204" status="PASS">
          <reporter-output>
          </reporter-output>
        </test-method> <!-- testit -->
      </class> <!-- JenkinsTest.WithSelenium.Day1 -->
    </test> <!-- JEnkins MAven Integration -->
  </suite> <!-- JenkinsTes -->
</testng-results>
