<?xml version="1.0" encoding="UTF-8"?>
<testng-results ignored="0" total="1" passed="1" failed="0" skipped="0">
  <reporter-output>
  </reporter-output>
  <suite started-at="2025-01-28T12:25:21 IST" name="JenkinsTes" finished-at="2025-01-28T12:25:26 IST" duration-ms="4479">
    <groups>
    </groups>
    <test started-at="2025-01-28T12:25:21 IST" name="JEnkins MAven Integration" finished-at="2025-01-28T12:25:26 IST" duration-ms="4479">
      <class name="JenkinsTest.WithSelenium.Day1">
        <test-method signature="testit(java.lang.String)[pri:0, instance:JenkinsTest.WithSelenium.Day1@20ce78ec]" started-at="2025-01-28T12:25:21 IST" name="testit" finished-at="2025-01-28T12:25:26 IST" duration-ms="4416" status="PASS">
          <params>
            <param index="0">
              <value>
                <![CDATA[Chrome]]>
              </value>
            </param>
          </params>
          <reporter-output>
          </reporter-output>
        </test-method> <!-- testit -->
      </class> <!-- JenkinsTest.WithSelenium.Day1 -->
    </test> <!-- JEnkins MAven Integration -->
  </suite> <!-- JenkinsTes -->
</testng-results>
